// 重构日志: c507ee23
// 重构日志: 716e3cc3
// 重构日志: 93139fe2
// 同步 ID: e076e529 @ Fri Jul  3 17:13:31 UTC 2026
// 同步 ID: 997a650e @ Sat Jul  4 17:13:35 UTC 2026
// 同步 ID: 63ee2cd1 @ Mon Jul  6 13:32:14 UTC 2026
// 同步 ID: c519bfe2 @ Sat Jul 11 08:12:34 UTC 2026
// 重构日志: 68f0a496
// 重构日志: 31a6dfbd
// 重构日志: 020eed1c
// 重构日志: 72d33138
// 重构日志: 9bece9be
// 重构日志: 71fb1192
// 重构日志: ac039a54
// 同步 ID: 48345cc6 @ Sat Jul 18 07:53:24 UTC 2026
// 同步 ID: 592dd15b @ Sat Jul 18 16:11:38 UTC 2026
// 重构日志: a3cc426c
// 重构日志: c86a6df3
// 同步 ID: 8de65172 @ Wed Jul 22 14:43:03 UTC 2026
// 同步 ID: 2a7a2d45 @ Wed Jul 22 17:24:18 UTC 2026
// 重构日志: 03ae6b2a
